[GIN-debug] [WARNING] Running in "debug" mode. Switch to "release" mode in production.
 - using env:	export GIN_MODE=release
 - using code:	gin.SetMode(gin.ReleaseMode)

[GIN-debug] GET    /videos                   --> main.main.func1 (5 handlers)
[GIN-debug] POST   /videos                   --> main.main.func2 (5 handlers)
[GIN-debug] Listening and serving HTTP on :8080
::1 - [31 Mar 21 10:50 IST] POST /videos 400 1.5509ms 
[GIN] 2021/03/31 - 10:50:58 | 400 |      2.6112ms |             ::1 | POST     "/videos"
::1 - [31 Mar 21 10:51 IST] POST /videos 400 154.8µs 
[GIN] 2021/03/31 - 10:51:07 | 400 |       154.8µs |             ::1 | POST     "/videos"
::1 - [31 Mar 21 10:51 IST] POST /videos 400 1.0517ms 
[GIN] 2021/03/31 - 10:51:47 | 400 |      1.0517ms |             ::1 | POST     "/videos"
::1 - [31 Mar 21 10:52 IST] POST /videos 200 0s 
[GIN] 2021/03/31 - 10:52:01 | 200 |            0s |             ::1 | POST     "/videos"
::1 - [31 Mar 21 10:52 IST] GET /videos 200 0s 
[GIN] 2021/03/31 - 10:52:14 | 200 |       864.6µs |             ::1 | GET      "/videos"
::1 - [31 Mar 21 10:52 IST] POST /videos 200 330.8µs 
[GIN] 2021/03/31 - 10:52:25 | 200 |       330.8µs |             ::1 | POST     "/videos"
::1 - [31 Mar 21 10:52 IST] POST /videos 200 0s 
[GIN] 2021/03/31 - 10:52:26 | 200 |            0s |             ::1 | POST     "/videos"
::1 - [31 Mar 21 10:52 IST] POST /videos 200 420µs 
[GIN] 2021/03/31 - 10:52:27 | 200 |         420µs |             ::1 | POST     "/videos"
::1 - [31 Mar 21 10:52 IST] POST /videos 200 0s 
[GIN] 2021/03/31 - 10:52:27 | 200 |      1.0018ms |             ::1 | POST     "/videos"
::1 - [31 Mar 21 10:52 IST] GET /videos 200 584.9µs 
[GIN] 2021/03/31 - 10:52:30 | 200 |       584.9µs |             ::1 | GET      "/videos"
::1 - [31 Mar 21 10:52 IST] GET /videos 200 0s 
[GIN] 2021/03/31 - 10:52:35 | 200 |            0s |             ::1 | GET      "/videos"
::1 - [31 Mar 21 10:52 IST] GET /videos 200 469.8µs 
[GIN] 2021/03/31 - 10:52:36 | 200 |       469.8µs |             ::1 | GET      "/videos"
::1 - [31 Mar 21 10:52 IST] GET /videos 200 0s 
[GIN] 2021/03/31 - 10:52:37 | 200 |       812.9µs |             ::1 | GET      "/videos"
